<?xml version="1.0" encoding="UTF-8"?>
<!-- Generated by org.testng.reporters.JUnitReportReporter -->
<testsuite hostname="DESKTOP-82GHFIH" failures="0" tests="1" name="TestCases.VerifyLoginTestCase" time="84.319" errors="0" timestamp="2022-09-21T00:16:10 IST" skipped="0">
  <testcase classname="TestCases.VerifyLoginTestCase" name="login" time="84.319"/>
  <system-out/>
</testsuite> <!-- TestCases.VerifyLoginTestCase -->
