<?xml version="1.0" encoding="UTF-8"?>
<!-- Generated by org.testng.reporters.JUnitReportReporter -->
<testsuite hostname="DESKTOP-82GHFIH" failures="0" tests="1" name="TestCases.VerifySignUpCase" time="42.967" errors="0" timestamp="2022-09-16T22:23:04 IST" skipped="0">
  <testcase classname="TestCases.VerifySignUpCase" name="SignUp" time="42.967"/>
  <system-out/>
</testsuite> <!-- TestCases.VerifySignUpCase -->
